<?xml version="1.0" encoding="UTF-8"?>
<!-- Generated by org.testng.reporters.JUnitReportReporter -->
<testsuite skipped="0" hostname="NB27" name="com.in28minutes.test.testng.FirstTestngTest" tests="4" failures="0" timestamp="24 十月 2018 14:50:16 GMT" time="0.033" errors="0">
  <testcase name="testFor2Elements" time="0.002" classname="com.in28minutes.test.testng.FirstTestngTest"/>
  <testcase name="test" time="0.024" classname="com.in28minutes.test.testng.FirstTestngTest"/>
  <testcase name="testFor0Elements" time="0.004" classname="com.in28minutes.test.testng.FirstTestngTest"/>
  <testcase name="testFor5Elements" time="0.003" classname="com.in28minutes.test.testng.FirstTestngTest"/>
</testsuite> <!-- com.in28minutes.test.testng.FirstTestngTest -->
