<?xml version="1.0" encoding="UTF-8"?>
<!-- Generated by org.testng.reporters.JUnitReportReporter -->
<testsuite skipped="0" hostname="mart-nb" name="com.in28minutes.test.testng.MultipleBrowserTest" tests="2" failures="0" timestamp="16 十月 2018 09:22:03 GMT" time="0.003" errors="0">
  <testcase name="runInBrowser" time="0.001" classname="com.in28minutes.test.testng.MultipleBrowserTest"/>
  <testcase name="runInBrowser" time="0.002" classname="com.in28minutes.test.testng.MultipleBrowserTest"/>
</testsuite> <!-- com.in28minutes.test.testng.MultipleBrowserTest -->
