<?xml version="1.0" encoding="UTF-8"?>
<!-- Generated by org.testng.reporters.JUnitReportReporter -->
<testsuite skipped="0" hostname="NB27" name="com.example.tests.GoogleSearchForIn28minutes" tests="1" failures="0" timestamp="26 十月 2018 13:28:09 GMT" time="2.623" errors="0">
  <testcase name="testGoogleSearchForIn28minutes" time="2.623" classname="com.example.tests.GoogleSearchForIn28minutes"/>
</testsuite> <!-- com.example.tests.GoogleSearchForIn28minutes -->
