<?xml version="1.0" encoding="UTF-8"?>
<!-- Generated by org.testng.reporters.JUnitReportReporter -->
<testsuite skipped="0" hostname="NB27" name="com.demo.test.testng.MultipleBrowserTest" tests="2" failures="0" timestamp="26 十月 2018 13:28:09 GMT" time="0.005" errors="0">
  <testcase name="runInBrowser" time="0.003" classname="com.demo.test.testng.MultipleBrowserTest"/>
  <testcase name="runInBrowser" time="0.002" classname="com.demo.test.testng.MultipleBrowserTest"/>
</testsuite> <!-- com.demo.test.testng.MultipleBrowserTest -->
