<?xml version="1.0" encoding="UTF-8"?>
<!-- Generated by org.testng.reporters.JUnitReportReporter -->
<testsuite skipped="0" hostname="NB27" name="com.example.tests.FacebookLogin" tests="1" failures="0" timestamp="26 十月 2018 13:28:09 GMT" time="5.624" errors="0">
  <testcase name="testFacebookLogin" time="5.624" classname="com.example.tests.FacebookLogin"/>
</testsuite> <!-- com.example.tests.FacebookLogin -->
