<?xml version="1.0" encoding="UTF-8"?>
<!-- Generated by org.testng.reporters.JUnitReportReporter -->
<testsuite skipped="0" hostname="NB27" name="com.demo.datadriventests.LoginDataProviderCompleteCsvTest" tests="7" failures="0" timestamp="28 十月 2018 14:50:14 GMT" time="23.557" errors="0">
  <testcase name="testLoginForAllScenarios" time="5.385" classname="com.demo.datadriventests.LoginDataProviderCompleteCsvTest"/>
  <testcase name="testLoginForAllScenarios" time="4.129" classname="com.demo.datadriventests.LoginDataProviderCompleteCsvTest"/>
  <testcase name="testLoginForAllScenarios" time="3.499" classname="com.demo.datadriventests.LoginDataProviderCompleteCsvTest"/>
  <testcase name="testLoginForAllScenarios" time="3.577" classname="com.demo.datadriventests.LoginDataProviderCompleteCsvTest"/>
  <testcase name="testLoginForAllScenarios" time="3.580" classname="com.demo.datadriventests.LoginDataProviderCompleteCsvTest"/>
  <testcase name="testReadingDataFromCSV" time="0.001" classname="com.demo.datadriventests.LoginDataProviderCompleteCsvTest"/>
  <testcase name="testLoginForAllScenarios" time="3.386" classname="com.demo.datadriventests.LoginDataProviderCompleteCsvTest"/>
</testsuite> <!-- com.demo.datadriventests.LoginDataProviderCompleteCsvTest -->
