<?xml version="1.0" encoding="UTF-8"?>
<!-- Generated by org.testng.reporters.JUnitReportReporter -->
<testsuite skipped="0" hostname="NB27" name="com.demo.datadriventests.LoginTest" tests="1" failures="0" timestamp="27 十月 2018 14:38:23 GMT" time="8.730" errors="0">
  <testcase name="testLogin" time="8.730" classname="com.demo.datadriventests.LoginTest"/>
</testsuite> <!-- com.demo.datadriventests.LoginTest -->
