<?xml version="1.0" encoding="UTF-8"?>
<!-- Generated by org.testng.reporters.JUnitReportReporter -->
<testsuite skipped="0" hostname="NB27" name="com.demo.datadriventests.UnSuccessfulLoginBasicTest" tests="1" failures="0" timestamp="27 十月 2018 14:50:37 GMT" time="5.225" errors="0">
  <testcase name="testUnsuccessfulLogin" time="5.225" classname="com.demo.datadriventests.UnSuccessfulLoginBasicTest"/>
</testsuite> <!-- com.demo.datadriventests.UnSuccessfulLoginBasicTest -->
