<?xml version="1.0" encoding="UTF-8"?>
<!-- Generated by org.testng.reporters.JUnitReportReporter -->
<testsuite skipped="0" hostname="NB27" name="com.demo.datadriventests.LoginDataProviderCompleteTest" tests="5" failures="0" timestamp="28 十月 2018 14:49:26 GMT" time="19.294" errors="0">
  <testcase name="testLoginForAllScenarios" time="3.355" classname="com.demo.datadriventests.LoginDataProviderCompleteTest"/>
  <testcase name="testLoginForAllScenarios" time="3.358" classname="com.demo.datadriventests.LoginDataProviderCompleteTest"/>
  <testcase name="testLoginForAllScenarios" time="5.546" classname="com.demo.datadriventests.LoginDataProviderCompleteTest"/>
  <testcase name="testLoginForAllScenarios" time="3.514" classname="com.demo.datadriventests.LoginDataProviderCompleteTest"/>
  <testcase name="testLoginForAllScenarios" time="3.521" classname="com.demo.datadriventests.LoginDataProviderCompleteTest"/>
</testsuite> <!-- com.demo.datadriventests.LoginDataProviderCompleteTest -->
