<?xml version="1.0" encoding="UTF-8"?>
<!-- Generated by org.testng.reporters.JUnitReportReporter -->
<testsuite skipped="0" hostname="NB27" name="com.demo.datadriventests.UnSuccessfulLoginDataDrivenBasicTest" tests="3" failures="0" timestamp="27 十月 2018 15:05:20 GMT" time="12.673" errors="0">
  <testcase name="testUnsuccessfulLogin" time="3.475" classname="com.demo.datadriventests.UnSuccessfulLoginDataDrivenBasicTest"/>
  <testcase name="testUnsuccessfulLogin" time="3.584" classname="com.demo.datadriventests.UnSuccessfulLoginDataDrivenBasicTest"/>
  <testcase name="testUnsuccessfulLogin" time="5.614" classname="com.demo.datadriventests.UnSuccessfulLoginDataDrivenBasicTest"/>
</testsuite> <!-- com.demo.datadriventests.UnSuccessfulLoginDataDrivenBasicTest -->
