<?xml version="1.0" encoding="UTF-8"?>
<!-- Generated by org.testng.reporters.JUnitReportReporter -->
<testsuite skipped="0" hostname="mart-nb" name="com.demo.pageobjects.updatedoto.UpdateTodoBasicTest" tests="1" failures="0" timestamp="31 十月 2018 07:57:50 GMT" time="2.170" errors="0">
  <testcase name="updateTodo" time="2.170" classname="com.demo.pageobjects.updatedoto.UpdateTodoBasicTest"/>
</testsuite> <!-- com.demo.pageobjects.updatedoto.UpdateTodoBasicTest -->
