<?xml version="1.0" encoding="UTF-8"?>
<!-- Generated by org.testng.reporters.JUnitReportReporter -->
<testsuite skipped="0" hostname="NB27" name="com.demo.selenium.crossborwser.HeadlessBrowserBasicsTest" tests="5" failures="0" timestamp="26 十月 2018 15:22:40 GMT" time="53.252" errors="0">
  <testcase name="firefoxBrowserHeadlessBrowsing" time="9.061" classname="com.demo.selenium.crossborwser.HeadlessBrowserBasicsTest"/>
  <testcase name="chromeBrowserHeadlessBrowsing" time="10.451" classname="com.demo.selenium.crossborwser.HeadlessBrowserBasicsTest"/>
  <testcase name="chromeBrowser" time="12.177" classname="com.demo.selenium.crossborwser.HeadlessBrowserBasicsTest"/>
  <testcase name="firefoxBrowser" time="10.587" classname="com.demo.selenium.crossborwser.HeadlessBrowserBasicsTest"/>
  <testcase name="phanthomJS" time="10.976" classname="com.demo.selenium.crossborwser.HeadlessBrowserBasicsTest"/>
</testsuite> <!-- com.demo.selenium.crossborwser.HeadlessBrowserBasicsTest -->
