<?xml version="1.0" encoding="UTF-8"?>
<!-- Generated by org.testng.reporters.JUnitReportReporter -->
<testsuite skipped="0" hostname="NB27" name="com.demo.selenium.crossborwser.framework.CrossBrowserFrameworkTest" tests="4" failures="0" timestamp="26 十月 2018 15:51:45 GMT" time="1.684" errors="0">
  <testcase name="launchTablesPages" time="0.213" classname="com.demo.selenium.crossborwser.framework.CrossBrowserFrameworkTest"/>
  <testcase name="launchTablesPages" time="0.135" classname="com.demo.selenium.crossborwser.framework.CrossBrowserFrameworkTest"/>
  <testcase name="launchIndexPages" time="0.622" classname="com.demo.selenium.crossborwser.framework.CrossBrowserFrameworkTest"/>
  <testcase name="launchIndexPages" time="0.714" classname="com.demo.selenium.crossborwser.framework.CrossBrowserFrameworkTest"/>
</testsuite> <!-- com.demo.selenium.crossborwser.framework.CrossBrowserFrameworkTest -->
