<?xml version="1.0" encoding="UTF-8"?>
<!-- Generated by org.testng.reporters.JUnitReportReporter -->
<testsuite skipped="0" hostname="NB27" name="com.demo.SeleniumStandAloneTest" tests="4" failures="0" timestamp="01 十一月 2018 15:48:41 GMT" time="77.741" errors="0">
  <testcase name="hub" time="19.315" classname="com.demo.SeleniumStandAloneTest"/>
  <testcase name="hub" time="19.976" classname="com.demo.SeleniumStandAloneTest"/>
  <testcase name="hub" time="18.757" classname="com.demo.SeleniumStandAloneTest"/>
  <testcase name="hub" time="19.693" classname="com.demo.SeleniumStandAloneTest"/>
</testsuite> <!-- com.demo.SeleniumStandAloneTest -->
